0 verbose cli /opt/homebrew/Cellar/node/21.5.0/bin/node /opt/homebrew/bin/npm
1 info using npm@10.2.4
2 info using node@v21.5.0
3 timing npm:load:whichnode Completed in 1ms
4 timing config:load:defaults Completed in 1ms
5 timing config:load:file:/opt/homebrew/lib/node_modules/npm/npmrc Completed in 2ms
6 timing config:load:builtin Completed in 2ms
7 timing config:load:cli Completed in 1ms
8 timing config:load:env Completed in 0ms
9 timing config:load:file:/Users/shrinivasdhole/Documents/Harkirat Cohort2/Week8/recap and build paytm/paytm/backend/.npmrc Completed in 0ms
10 timing config:load:project Completed in 2ms
11 timing config:load:file:/Users/shrinivasdhole/.npmrc Completed in 0ms
12 timing config:load:user Completed in 0ms
13 timing config:load:file:/Users/shrinivasdhole/Documents/Harkirat Cohort2/Week8/recap and build paytm/paytm/backend/C:UsersmynameAppDataRoamingnpm/etc/npmrc Completed in 1ms
14 timing config:load:global Completed in 1ms
15 timing config:load:setEnvs Completed in 0ms
16 timing config:load Completed in 9ms
17 timing npm:load:configload Completed in 9ms
18 timing config:load:flatten Completed in 2ms
19 timing npm:load:mkdirpcache Completed in 0ms
20 timing npm:load:mkdirplogs Completed in 1ms
21 verbose title npm i path
22 verbose argv "i" "path"
23 timing npm:load:setTitle Completed in 3ms
24 timing npm:load:display Completed in 0ms
25 verbose logfile logs-max:10 dir:/Users/shrinivasdhole/Documents/Harkirat Cohort2/Week8/recap and build paytm/paytm/backend/C:UsersmynameAppDataRoamingnpm-cache/_logs/2024-03-05T15_09_30_299Z-
26 verbose logfile /Users/shrinivasdhole/Documents/Harkirat Cohort2/Week8/recap and build paytm/paytm/backend/C:UsersmynameAppDataRoamingnpm-cache/_logs/2024-03-05T15_09_30_299Z-debug-0.log
27 timing npm:load:logFile Completed in 8ms
28 timing npm:load:timers Completed in 0ms
29 timing npm:load:configScope Completed in 0ms
30 timing npm:load Completed in 34ms
31 timing arborist:ctor Completed in 1ms
32 silly logfile done cleaning log files
33 timing idealTree:init Completed in 38ms
34 timing idealTree:userRequests Completed in 0ms
35 silly idealTree buildDeps
36 silly fetch manifest path@*
37 timing arborist:ctor Completed in 1ms
38 http fetch GET 200 https://registry.npmjs.org/path 282ms (cache miss)
39 silly placeDep ROOT path@0.12.7 OK for: backend@1.0.0 want: *
40 silly fetch manifest process@^0.11.1
41 silly fetch manifest util@^0.10.3
42 http fetch GET 200 https://registry.npmjs.org/process 75ms (cache miss)
43 http fetch GET 200 https://registry.npmjs.org/npm 473ms (cache miss)
44 http fetch GET 200 https://registry.npmjs.org/util 235ms (cache miss)
45 timing idealTree:#root Completed in 524ms
46 silly placeDep ROOT process@0.11.10 OK for: path@0.12.7 want: ^0.11.1
47 silly placeDep ROOT util@0.10.4 OK for: path@0.12.7 want: ^0.10.3
48 silly fetch manifest inherits@2.0.3
49 http fetch GET 200 https://registry.npmjs.org/inherits 55ms (cache miss)
50 timing idealTree:node_modules/path Completed in 57ms
51 timing idealTree:node_modules/process Completed in 0ms
52 silly placeDep node_modules/util inherits@2.0.3 OK for: util@0.10.4 want: 2.0.3
53 timing idealTree:node_modules/util Completed in 2ms
54 timing idealTree:node_modules/util/node_modules/inherits Completed in 0ms
55 timing idealTree:buildDeps Completed in 585ms
56 timing idealTree:fixDepFlags Completed in 1ms
57 timing idealTree Completed in 627ms
58 timing reify:loadTrees Completed in 627ms
59 timing reify:diffTrees Completed in 2ms
60 silly reify moves {}
61 timing reify:retireShallow Completed in 1ms
62 timing reify:createSparse Completed in 1ms
63 timing reify:loadBundles Completed in 0ms
64 silly audit bulk request {
64 silly audit   '@mongodb-js/saslprep': [ '1.1.4' ],
64 silly audit   '@types/webidl-conversions': [ '7.0.3' ],
64 silly audit   '@types/whatwg-url': [ '11.0.4' ],
64 silly audit   accepts: [ '1.3.8' ],
64 silly audit   'array-flatten': [ '1.1.1' ],
64 silly audit   'body-parser': [ '1.20.1' ],
64 silly audit   bson: [ '6.2.0' ],
64 silly audit   'buffer-equal-constant-time': [ '1.0.1' ],
64 silly audit   bytes: [ '3.1.2' ],
64 silly audit   'call-bind': [ '1.0.5' ],
64 silly audit   'content-disposition': [ '0.5.4' ],
64 silly audit   'content-type': [ '1.0.5' ],
64 silly audit   cookie: [ '0.5.0' ],
64 silly audit   'cookie-signature': [ '1.0.6' ],
64 silly audit   cors: [ '2.8.5' ],
64 silly audit   debug: [ '2.6.9', '4.3.4' ],
64 silly audit   'define-data-property': [ '1.1.1' ],
64 silly audit   depd: [ '2.0.0' ],
64 silly audit   destroy: [ '1.2.0' ],
64 silly audit   'ecdsa-sig-formatter': [ '1.0.11' ],
64 silly audit   'ee-first': [ '1.1.1' ],
64 silly audit   encodeurl: [ '1.0.2' ],
64 silly audit   'escape-html': [ '1.0.3' ],
64 silly audit   etag: [ '1.8.1' ],
64 silly audit   express: [ '4.18.2' ],
64 silly audit   finalhandler: [ '1.2.0' ],
64 silly audit   forwarded: [ '0.2.0' ],
64 silly audit   fresh: [ '0.5.2' ],
64 silly audit   'function-bind': [ '1.1.2' ],
64 silly audit   'get-intrinsic': [ '1.2.2' ],
64 silly audit   gopd: [ '1.0.1' ],
64 silly audit   'has-property-descriptors': [ '1.0.1' ],
64 silly audit   'has-proto': [ '1.0.1' ],
64 silly audit   'has-symbols': [ '1.0.3' ],
64 silly audit   hasown: [ '2.0.0' ],
64 silly audit   'http-errors': [ '2.0.0' ],
64 silly audit   'iconv-lite': [ '0.4.24' ],
64 silly audit   inherits: [ '2.0.4', '2.0.3' ],
64 silly audit   'ipaddr.js': [ '1.9.1' ],
64 silly audit   jsonwebtoken: [ '9.0.2' ],
64 silly audit   ms: [ '2.1.3', '2.1.2', '2.0.0' ],
64 silly audit   jwa: [ '1.4.1' ],
64 silly audit   jws: [ '3.2.2' ],
64 silly audit   kareem: [ '2.5.1' ],
64 silly audit   'lodash.includes': [ '4.3.0' ],
64 silly audit   'lodash.isboolean': [ '3.0.3' ],
64 silly audit   'lodash.isinteger': [ '4.0.4' ],
64 silly audit   'lodash.isnumber': [ '3.0.3' ],
64 silly audit   'lodash.isplainobject': [ '4.0.6' ],
64 silly audit   'lodash.isstring': [ '4.0.1' ],
64 silly audit   'lodash.once': [ '4.1.1' ],
64 silly audit   'lru-cache': [ '6.0.0' ],
64 silly audit   'media-typer': [ '0.3.0' ],
64 silly audit   'memory-pager': [ '1.5.0' ],
64 silly audit   'merge-descriptors': [ '1.0.1' ],
64 silly audit   methods: [ '1.1.2' ],
64 silly audit   mime: [ '1.6.0' ],
64 silly audit   'mime-db': [ '1.52.0' ],
64 silly audit   'mime-types': [ '2.1.35' ],
64 silly audit   mongodb: [ '6.3.0' ],
64 silly audit   'mongodb-connection-string-url': [ '3.0.0' ],
64 silly audit   mongoose: [ '8.1.0' ],
64 silly audit   mpath: [ '0.9.0' ],
64 silly audit   mquery: [ '5.0.0' ],
64 silly audit   negotiator: [ '0.6.3' ],
64 silly audit   'object-assign': [ '4.1.1' ],
64 silly audit   'object-inspect': [ '1.13.1' ],
64 silly audit   'on-finished': [ '2.4.1' ],
64 silly audit   parseurl: [ '1.3.3' ],
64 silly audit   'path-to-regexp': [ '0.1.7' ],
64 silly audit   'proxy-addr': [ '2.0.7' ],
64 silly audit   punycode: [ '2.3.1' ],
64 silly audit   qs: [ '6.11.0' ],
64 silly audit   'range-parser': [ '1.2.1' ],
64 silly audit   'raw-body': [ '2.5.1' ],
64 silly audit   'safe-buffer': [ '5.2.1' ],
64 silly audit   'safer-buffer': [ '2.1.2' ],
64 silly audit   semver: [ '7.6.0' ],
64 silly audit   send: [ '0.18.0' ],
64 silly audit   'serve-static': [ '1.15.0' ],
64 silly audit   'set-function-length': [ '1.2.0' ],
64 silly audit   setprototypeof: [ '1.2.0' ],
64 silly audit   'side-channel': [ '1.0.4' ],
64 silly audit   sift: [ '16.0.1' ],
64 silly audit   'sparse-bitfield': [ '3.0.3' ],
64 silly audit   statuses: [ '2.0.1' ],
64 silly audit   toidentifier: [ '1.0.1' ],
64 silly audit   tr46: [ '4.1.1' ],
64 silly audit   'type-is': [ '1.6.18' ],
64 silly audit   unpipe: [ '1.0.0' ],
64 silly audit   'utils-merge': [ '1.0.1' ],
64 silly audit   vary: [ '1.1.2' ],
64 silly audit   'webidl-conversions': [ '7.0.0' ],
64 silly audit   'whatwg-url': [ '13.0.0' ],
64 silly audit   yallist: [ '4.0.0' ],
64 silly audit   zod: [ '3.22.4' ],
64 silly audit   path: [ '0.12.7' ],
64 silly audit   process: [ '0.11.10' ],
64 silly audit   util: [ '0.10.4' ]
64 silly audit }
65 silly tarball no local data for util@https://registry.npmjs.org/util/-/util-0.10.4.tgz. Extracting by manifest.
66 silly tarball no local data for process@https://registry.npmjs.org/process/-/process-0.11.10.tgz. Extracting by manifest.
67 silly tarball no local data for path@https://registry.npmjs.org/path/-/path-0.12.7.tgz. Extracting by manifest.
68 silly tarball no local data for inherits@https://registry.npmjs.org/inherits/-/inherits-2.0.3.tgz. Extracting by manifest.
69 http fetch GET 200 https://registry.npmjs.org/process/-/process-0.11.10.tgz 97ms (cache miss)
70 timing reifyNode:node_modules/process Completed in 102ms
71 http fetch GET 200 https://registry.npmjs.org/util/-/util-0.10.4.tgz 97ms (cache miss)
72 timing reifyNode:node_modules/util Completed in 103ms
73 http fetch GET 200 https://registry.npmjs.org/path/-/path-0.12.7.tgz 191ms (cache miss)
74 timing reifyNode:node_modules/path Completed in 197ms
75 http fetch GET 200 https://registry.npmjs.org/inherits/-/inherits-2.0.3.tgz 218ms (cache miss)
76 timing reifyNode:node_modules/util/node_modules/inherits Completed in 226ms
77 timing reify:unpack Completed in 226ms
78 timing reify:unretire Completed in 0ms
79 timing build:queue Completed in 1ms
80 timing build:deps Completed in 1ms
81 timing build Completed in 1ms
82 timing reify:build Completed in 1ms
83 timing reify:trash Completed in 0ms
84 timing reify:save Completed in 23ms
85 http fetch POST 200 https://registry.npmjs.org/-/npm/v1/security/advisories/bulk 289ms
86 timing auditReport:getReport Completed in 292ms
87 silly audit report {}
88 timing auditReport:init Completed in 0ms
89 timing reify:audit Completed in 293ms
90 timing reify Completed in 973ms
91 silly ADD node_modules/util
92 silly ADD node_modules/util/node_modules/inherits
93 silly ADD node_modules/process
94 silly ADD node_modules/path
95 timing command:i Completed in 978ms
96 notice
96 notice New [33mminor[39m version of npm available! [31m10.2.4[39m -> [32m10.5.0[39m
96 notice Changelog: [36mhttps://github.com/npm/cli/releases/tag/v10.5.0[39m
96 notice Run [32mnpm install -g npm@10.5.0[39m to update!
96 notice
97 verbose exit 0
98 timing npm Completed in 1183ms
99 info ok
