0 verbose cli /opt/homebrew/Cellar/node/21.5.0/bin/node /opt/homebrew/bin/npm
1 info using npm@10.2.4
2 info using node@v21.5.0
3 timing npm:load:whichnode Completed in 1ms
4 timing config:load:defaults Completed in 1ms
5 timing config:load:file:/opt/homebrew/lib/node_modules/npm/npmrc Completed in 1ms
6 timing config:load:builtin Completed in 1ms
7 timing config:load:cli Completed in 1ms
8 timing config:load:env Completed in 0ms
9 timing config:load:file:/Users/shrinivasdhole/Documents/Harkirat Cohort2/Week8/recap and build paytm/paytm/backend/.npmrc Completed in 0ms
10 timing config:load:project Completed in 2ms
11 timing config:load:file:/Users/shrinivasdhole/.npmrc Completed in 1ms
12 timing config:load:user Completed in 1ms
13 timing config:load:file:/Users/shrinivasdhole/Documents/Harkirat Cohort2/Week8/recap and build paytm/paytm/backend/C:UsersmynameAppDataRoamingnpm/etc/npmrc Completed in 0ms
14 timing config:load:global Completed in 0ms
15 timing config:load:setEnvs Completed in 1ms
16 timing config:load Completed in 9ms
17 timing npm:load:configload Completed in 9ms
18 timing config:load:flatten Completed in 1ms
19 timing npm:load:mkdirpcache Completed in 0ms
20 timing npm:load:mkdirplogs Completed in 0ms
21 verbose title npm i nodemon
22 verbose argv "i" "nodemon"
23 timing npm:load:setTitle Completed in 3ms
24 timing npm:load:display Completed in 1ms
25 verbose logfile logs-max:10 dir:/Users/shrinivasdhole/Documents/Harkirat Cohort2/Week8/recap and build paytm/paytm/backend/C:UsersmynameAppDataRoamingnpm-cache/_logs/2024-03-05T15_13_50_343Z-
26 verbose logfile /Users/shrinivasdhole/Documents/Harkirat Cohort2/Week8/recap and build paytm/paytm/backend/C:UsersmynameAppDataRoamingnpm-cache/_logs/2024-03-05T15_13_50_343Z-debug-0.log
27 timing npm:load:logFile Completed in 7ms
28 timing npm:load:timers Completed in 0ms
29 timing npm:load:configScope Completed in 0ms
30 timing npm:load Completed in 33ms
31 timing arborist:ctor Completed in 1ms
32 silly logfile done cleaning log files
33 timing idealTree:init Completed in 34ms
34 timing idealTree:userRequests Completed in 1ms
35 silly idealTree buildDeps
36 silly fetch manifest nodemon@*
37 timing arborist:ctor Completed in 0ms
38 http fetch GET 200 https://registry.npmjs.org/nodemon 327ms (cache miss)
39 silly placeDep ROOT nodemon@3.1.0 OK for: backend@1.0.0 want: *
40 silly fetch manifest chokidar@^3.5.2
41 silly fetch manifest debug@^4
42 silly fetch manifest ignore-by-default@^1.0.1
43 silly fetch manifest minimatch@^3.1.2
44 silly fetch manifest pstree.remy@^1.1.8
45 silly fetch manifest simple-update-notifier@^2.0.0
46 silly fetch manifest supports-color@^5.5.0
47 silly fetch manifest touch@^3.1.0
48 silly fetch manifest undefsafe@^2.0.5
49 http fetch GET 200 https://registry.npmjs.org/chokidar 107ms (cache miss)
50 http fetch GET 200 https://registry.npmjs.org/ignore-by-default 165ms (cache miss)
51 http fetch GET 200 https://registry.npmjs.org/simple-update-notifier 184ms (cache miss)
52 http fetch GET 200 https://registry.npmjs.org/supports-color 190ms (cache miss)
53 http fetch GET 200 https://registry.npmjs.org/undefsafe 192ms (cache miss)
54 http fetch GET 200 https://registry.npmjs.org/debug 200ms (cache miss)
55 http fetch GET 200 https://registry.npmjs.org/minimatch 210ms (cache miss)
56 http fetch GET 200 https://registry.npmjs.org/touch 217ms (cache miss)
57 http fetch GET 200 https://registry.npmjs.org/pstree.remy 219ms (cache miss)
58 timing idealTree:#root Completed in 555ms
59 silly placeDep ROOT chokidar@3.6.0 OK for: nodemon@3.1.0 want: ^3.5.2
60 silly fetch manifest anymatch@~3.1.2
61 silly fetch manifest braces@~3.0.2
62 silly fetch manifest glob-parent@~5.1.2
63 silly fetch manifest is-binary-path@~2.1.0
64 silly fetch manifest is-glob@~4.0.1
65 silly fetch manifest normalize-path@~3.0.0
66 silly fetch manifest readdirp@~3.6.0
67 silly fetch manifest fsevents@~2.3.2
68 silly placeDep node_modules/nodemon debug@4.3.4 OK for: nodemon@3.1.0 want: ^4
69 silly fetch manifest ms@2.1.2
70 silly placeDep ROOT ignore-by-default@1.0.1 OK for: nodemon@3.1.0 want: ^1.0.1
71 silly placeDep ROOT minimatch@3.1.2 OK for: nodemon@3.1.0 want: ^3.1.2
72 silly fetch manifest brace-expansion@^1.1.7
73 silly placeDep ROOT pstree.remy@1.1.8 OK for: nodemon@3.1.0 want: ^1.1.8
74 silly placeDep ROOT simple-update-notifier@2.0.0 OK for: nodemon@3.1.0 want: ^2.0.0
75 silly placeDep ROOT supports-color@5.5.0 OK for: nodemon@3.1.0 want: ^5.5.0
76 silly fetch manifest has-flag@^3.0.0
77 silly placeDep ROOT touch@3.1.0 OK for: nodemon@3.1.0 want: ^3.1.0
78 silly fetch manifest nopt@~1.0.10
79 silly placeDep ROOT undefsafe@2.0.5 OK for: nodemon@3.1.0 want: ^2.0.5
80 http fetch GET 200 https://registry.npmjs.org/is-binary-path 83ms (cache miss)
81 http fetch GET 200 https://registry.npmjs.org/normalize-path 83ms (cache miss)
82 http fetch GET 200 https://registry.npmjs.org/braces 84ms (cache miss)
83 http fetch GET 200 https://registry.npmjs.org/anymatch 85ms (cache miss)
84 http fetch GET 200 https://registry.npmjs.org/is-glob 85ms (cache miss)
85 http fetch GET 200 https://registry.npmjs.org/readdirp 84ms (cache miss)
86 http fetch GET 200 https://registry.npmjs.org/glob-parent 86ms (cache miss)
87 http fetch GET 200 https://registry.npmjs.org/ms 84ms (cache miss)
88 http fetch GET 200 https://registry.npmjs.org/fsevents 87ms (cache miss)
89 http fetch GET 200 https://registry.npmjs.org/brace-expansion 157ms (cache miss)
90 http fetch GET 200 https://registry.npmjs.org/nopt 175ms (cache miss)
91 http fetch GET 200 https://registry.npmjs.org/has-flag 180ms (cache miss)
92 timing idealTree:node_modules/nodemon Completed in 188ms
93 silly placeDep ROOT anymatch@3.1.3 OK for: chokidar@3.6.0 want: ~3.1.2
94 silly fetch manifest normalize-path@^3.0.0
95 silly fetch manifest picomatch@^2.0.4
96 silly placeDep ROOT braces@3.0.2 OK for: chokidar@3.6.0 want: ~3.0.2
97 silly fetch manifest fill-range@^7.0.1
98 silly placeDep ROOT fsevents@2.3.3 OK for: chokidar@3.6.0 want: ~2.3.2
99 silly placeDep ROOT glob-parent@5.1.2 OK for: chokidar@3.6.0 want: ~5.1.2
100 silly fetch manifest is-glob@^4.0.1
101 silly placeDep ROOT is-binary-path@2.1.0 OK for: chokidar@3.6.0 want: ~2.1.0
102 silly fetch manifest binary-extensions@^2.0.0
103 silly placeDep ROOT is-glob@4.0.3 OK for: chokidar@3.6.0 want: ~4.0.1
104 silly fetch manifest is-extglob@^2.1.1
105 silly placeDep ROOT normalize-path@3.0.0 OK for: chokidar@3.6.0 want: ~3.0.0
106 silly placeDep ROOT readdirp@3.6.0 OK for: chokidar@3.6.0 want: ~3.6.0
107 silly fetch manifest picomatch@^2.2.1
108 http fetch GET 200 https://registry.npmjs.org/fill-range 76ms (cache miss)
109 http fetch GET 200 https://registry.npmjs.org/picomatch 82ms (cache miss)
110 http fetch GET 200 https://registry.npmjs.org/is-extglob 84ms (cache miss)
111 http fetch GET 200 https://registry.npmjs.org/picomatch 89ms (cache miss)
112 http fetch GET 200 https://registry.npmjs.org/binary-extensions 86ms (cache miss)
113 timing idealTree:node_modules/chokidar Completed in 92ms
114 silly placeDep ROOT picomatch@2.3.1 OK for: anymatch@3.1.3 want: ^2.0.4
115 timing idealTree:node_modules/anymatch Completed in 1ms
116 silly placeDep ROOT fill-range@7.0.1 OK for: braces@3.0.2 want: ^7.0.1
117 silly fetch manifest to-regex-range@^5.0.1
118 http fetch GET 200 https://registry.npmjs.org/to-regex-range 60ms (cache miss)
119 timing idealTree:node_modules/braces Completed in 61ms
120 silly placeDep ROOT to-regex-range@5.0.1 OK for: fill-range@7.0.1 want: ^5.0.1
121 silly fetch manifest is-number@^7.0.0
122 http fetch GET 200 https://registry.npmjs.org/is-number 79ms (cache miss)
123 timing idealTree:node_modules/fill-range Completed in 81ms
124 timing idealTree:node_modules/fsevents Completed in 0ms
125 timing idealTree:node_modules/glob-parent Completed in 0ms
126 timing idealTree:node_modules/ignore-by-default Completed in 0ms
127 silly placeDep ROOT binary-extensions@2.2.0 OK for: is-binary-path@2.1.0 want: ^2.0.0
128 timing idealTree:node_modules/is-binary-path Completed in 1ms
129 timing idealTree:node_modules/binary-extensions Completed in 0ms
130 silly placeDep ROOT is-extglob@2.1.1 OK for: is-glob@4.0.3 want: ^2.1.1
131 timing idealTree:node_modules/is-glob Completed in 1ms
132 timing idealTree:node_modules/is-extglob Completed in 0ms
133 silly placeDep ROOT brace-expansion@1.1.11 OK for: minimatch@3.1.2 want: ^1.1.7
134 silly fetch manifest balanced-match@^1.0.0
135 silly fetch manifest concat-map@0.0.1
136 http fetch GET 200 https://registry.npmjs.org/balanced-match 88ms (cache miss)
137 http fetch GET 200 https://registry.npmjs.org/concat-map 89ms (cache miss)
138 timing idealTree:node_modules/minimatch Completed in 90ms
139 silly placeDep ROOT balanced-match@1.0.2 OK for: brace-expansion@1.1.11 want: ^1.0.0
140 silly placeDep ROOT concat-map@0.0.1 OK for: brace-expansion@1.1.11 want: 0.0.1
141 timing idealTree:node_modules/brace-expansion Completed in 2ms
142 timing idealTree:node_modules/balanced-match Completed in 0ms
143 timing idealTree:node_modules/concat-map Completed in 0ms
144 timing idealTree:node_modules/normalize-path Completed in 0ms
145 timing idealTree:node_modules/picomatch Completed in 0ms
146 timing idealTree:node_modules/pstree.remy Completed in 0ms
147 timing idealTree:node_modules/readdirp Completed in 0ms
148 timing idealTree:node_modules/simple-update-notifier Completed in 0ms
149 silly placeDep ROOT has-flag@3.0.0 OK for: supports-color@5.5.0 want: ^3.0.0
150 timing idealTree:node_modules/supports-color Completed in 0ms
151 timing idealTree:node_modules/has-flag Completed in 0ms
152 silly placeDep ROOT is-number@7.0.0 OK for: to-regex-range@5.0.1 want: ^7.0.0
153 timing idealTree:node_modules/to-regex-range Completed in 0ms
154 timing idealTree:node_modules/is-number Completed in 0ms
155 silly placeDep ROOT nopt@1.0.10 OK for: touch@3.1.0 want: ~1.0.10
156 silly fetch manifest abbrev@1
157 http fetch GET 200 https://registry.npmjs.org/abbrev 53ms (cache miss)
158 timing idealTree:node_modules/touch Completed in 54ms
159 silly placeDep ROOT abbrev@1.1.1 OK for: nopt@1.0.10 want: 1
160 timing idealTree:node_modules/nopt Completed in 1ms
161 timing idealTree:node_modules/abbrev Completed in 0ms
162 timing idealTree:node_modules/undefsafe Completed in 0ms
163 silly placeDep node_modules/nodemon ms@2.1.2 OK for: debug@4.3.4 want: 2.1.2
164 timing idealTree:node_modules/nodemon/node_modules/debug Completed in 1ms
165 timing idealTree:node_modules/nodemon/node_modules/ms Completed in 0ms
166 timing idealTree:buildDeps Completed in 1130ms
167 timing idealTree:fixDepFlags Completed in 1ms
168 timing idealTree Completed in 1168ms
169 timing reify:loadTrees Completed in 1169ms
170 timing reify:diffTrees Completed in 3ms
171 silly reify moves {}
172 timing reify:retireShallow Completed in 2ms
173 timing reify:createSparse Completed in 2ms
174 timing reify:loadBundles Completed in 0ms
175 silly audit bulk request {
175 silly audit   '@mongodb-js/saslprep': [ '1.1.4' ],
175 silly audit   '@types/webidl-conversions': [ '7.0.3' ],
175 silly audit   '@types/whatwg-url': [ '11.0.4' ],
175 silly audit   accepts: [ '1.3.8' ],
175 silly audit   'array-flatten': [ '1.1.1' ],
175 silly audit   'body-parser': [ '1.20.1' ],
175 silly audit   bson: [ '6.2.0' ],
175 silly audit   'buffer-equal-constant-time': [ '1.0.1' ],
175 silly audit   bytes: [ '3.1.2' ],
175 silly audit   'call-bind': [ '1.0.5' ],
175 silly audit   'content-disposition': [ '0.5.4' ],
175 silly audit   'content-type': [ '1.0.5' ],
175 silly audit   cookie: [ '0.5.0' ],
175 silly audit   'cookie-signature': [ '1.0.6' ],
175 silly audit   cors: [ '2.8.5' ],
175 silly audit   debug: [ '2.6.9', '4.3.4' ],
175 silly audit   'define-data-property': [ '1.1.1' ],
175 silly audit   depd: [ '2.0.0' ],
175 silly audit   destroy: [ '1.2.0' ],
175 silly audit   'ecdsa-sig-formatter': [ '1.0.11' ],
175 silly audit   'ee-first': [ '1.1.1' ],
175 silly audit   encodeurl: [ '1.0.2' ],
175 silly audit   'escape-html': [ '1.0.3' ],
175 silly audit   etag: [ '1.8.1' ],
175 silly audit   express: [ '4.18.2' ],
175 silly audit   finalhandler: [ '1.2.0' ],
175 silly audit   forwarded: [ '0.2.0' ],
175 silly audit   fresh: [ '0.5.2' ],
175 silly audit   'function-bind': [ '1.1.2' ],
175 silly audit   'get-intrinsic': [ '1.2.2' ],
175 silly audit   gopd: [ '1.0.1' ],
175 silly audit   'has-property-descriptors': [ '1.0.1' ],
175 silly audit   'has-proto': [ '1.0.1' ],
175 silly audit   'has-symbols': [ '1.0.3' ],
175 silly audit   hasown: [ '2.0.0' ],
175 silly audit   'http-errors': [ '2.0.0' ],
175 silly audit   'iconv-lite': [ '0.4.24' ],
175 silly audit   inherits: [ '2.0.4', '2.0.3' ],
175 silly audit   'ipaddr.js': [ '1.9.1' ],
175 silly audit   jsonwebtoken: [ '9.0.2' ],
175 silly audit   ms: [ '2.1.3', '2.1.2', '2.0.0' ],
175 silly audit   jwa: [ '1.4.1' ],
175 silly audit   jws: [ '3.2.2' ],
175 silly audit   kareem: [ '2.5.1' ],
175 silly audit   'lodash.includes': [ '4.3.0' ],
175 silly audit   'lodash.isboolean': [ '3.0.3' ],
175 silly audit   'lodash.isinteger': [ '4.0.4' ],
175 silly audit   'lodash.isnumber': [ '3.0.3' ],
175 silly audit   'lodash.isplainobject': [ '4.0.6' ],
175 silly audit   'lodash.isstring': [ '4.0.1' ],
175 silly audit   'lodash.once': [ '4.1.1' ],
175 silly audit   'lru-cache': [ '6.0.0' ],
175 silly audit   'media-typer': [ '0.3.0' ],
175 silly audit   'memory-pager': [ '1.5.0' ],
175 silly audit   'merge-descriptors': [ '1.0.1' ],
175 silly audit   methods: [ '1.1.2' ],
175 silly audit   mime: [ '1.6.0' ],
175 silly audit   'mime-db': [ '1.52.0' ],
175 silly audit   'mime-types': [ '2.1.35' ],
175 silly audit   mongodb: [ '6.3.0' ],
175 silly audit   'mongodb-connection-string-url': [ '3.0.0' ],
175 silly audit   mongoose: [ '8.1.0' ],
175 silly audit   mpath: [ '0.9.0' ],
175 silly audit   mquery: [ '5.0.0' ],
175 silly audit   negotiator: [ '0.6.3' ],
175 silly audit   'object-assign': [ '4.1.1' ],
175 silly audit   'object-inspect': [ '1.13.1' ],
175 silly audit   'on-finished': [ '2.4.1' ],
175 silly audit   parseurl: [ '1.3.3' ],
175 silly audit   path: [ '0.12.7' ],
175 silly audit   'path-to-regexp': [ '0.1.7' ],
175 silly audit   process: [ '0.11.10' ],
175 silly audit   'proxy-addr': [ '2.0.7' ],
175 silly audit   punycode: [ '2.3.1' ],
175 silly audit   qs: [ '6.11.0' ],
175 silly audit   'range-parser': [ '1.2.1' ],
175 silly audit   'raw-body': [ '2.5.1' ],
175 silly audit   'safe-buffer': [ '5.2.1' ],
175 silly audit   'safer-buffer': [ '2.1.2' ],
175 silly audit   semver: [ '7.6.0' ],
175 silly audit   send: [ '0.18.0' ],
175 silly audit   'serve-static': [ '1.15.0' ],
175 silly audit   'set-function-length': [ '1.2.0' ],
175 silly audit   setprototypeof: [ '1.2.0' ],
175 silly audit   'side-channel': [ '1.0.4' ],
175 silly audit   sift: [ '16.0.1' ],
175 silly audit   'sparse-bitfield': [ '3.0.3' ],
175 silly audit   statuses: [ '2.0.1' ],
175 silly audit   toidentifier: [ '1.0.1' ],
175 silly audit   tr46: [ '4.1.1' ],
175 silly audit   'type-is': [ '1.6.18' ],
175 silly audit   unpipe: [ '1.0.0' ],
175 silly audit   util: [ '0.10.4' ],
175 silly audit   'utils-merge': [ '1.0.1' ],
175 silly audit   vary: [ '1.1.2' ],
175 silly audit   'webidl-conversions': [ '7.0.0' ],
175 silly audit   'whatwg-url': [ '13.0.0' ],
175 silly audit   yallist: [ '4.0.0' ],
175 silly audit   zod: [ '3.22.4' ],
175 silly audit   nodemon: [ '3.1.0' ],
175 silly audit   chokidar: [ '3.6.0' ],
175 silly audit   'ignore-by-default': [ '1.0.1' ],
175 silly audit   minimatch: [ '3.1.2' ],
175 silly audit   'pstree.remy': [ '1.1.8' ],
175 silly audit   'simple-update-notifier': [ '2.0.0' ],
175 silly audit   'supports-color': [ '5.5.0' ],
175 silly audit   touch: [ '3.1.0' ],
175 silly audit   undefsafe: [ '2.0.5' ],
175 silly audit   anymatch: [ '3.1.3' ],
175 silly audit   braces: [ '3.0.2' ],
175 silly audit   fsevents: [ '2.3.3' ],
175 silly audit   'glob-parent': [ '5.1.2' ],
175 silly audit   'is-binary-path': [ '2.1.0' ],
175 silly audit   'is-glob': [ '4.0.3' ],
175 silly audit   'normalize-path': [ '3.0.0' ],
175 silly audit   readdirp: [ '3.6.0' ],
175 silly audit   picomatch: [ '2.3.1' ],
175 silly audit   'fill-range': [ '7.0.1' ],
175 silly audit   'to-regex-range': [ '5.0.1' ],
175 silly audit   'binary-extensions': [ '2.2.0' ],
175 silly audit   'is-extglob': [ '2.1.1' ],
175 silly audit   'brace-expansion': [ '1.1.11' ],
175 silly audit   'balanced-match': [ '1.0.2' ],
175 silly audit   'concat-map': [ '0.0.1' ],
175 silly audit   'has-flag': [ '3.0.0' ],
175 silly audit   'is-number': [ '7.0.0' ],
175 silly audit   nopt: [ '1.0.10' ],
175 silly audit   abbrev: [ '1.1.1' ]
175 silly audit }
176 silly tarball no local data for abbrev@https://registry.npmjs.org/abbrev/-/abbrev-1.1.1.tgz. Extracting by manifest.
177 silly tarball no local data for nopt@https://registry.npmjs.org/nopt/-/nopt-1.0.10.tgz. Extracting by manifest.
178 silly tarball no local data for concat-map@https://registry.npmjs.org/concat-map/-/concat-map-0.0.1.tgz. Extracting by manifest.
179 silly tarball no local data for is-number@https://registry.npmjs.org/is-number/-/is-number-7.0.0.tgz. Extracting by manifest.
180 silly tarball no local data for balanced-match@https://registry.npmjs.org/balanced-match/-/balanced-match-1.0.2.tgz. Extracting by manifest.
181 silly tarball no local data for brace-expansion@https://registry.npmjs.org/brace-expansion/-/brace-expansion-1.1.11.tgz. Extracting by manifest.
182 silly tarball no local data for is-extglob@https://registry.npmjs.org/is-extglob/-/is-extglob-2.1.1.tgz. Extracting by manifest.
183 silly tarball no local data for to-regex-range@https://registry.npmjs.org/to-regex-range/-/to-regex-range-5.0.1.tgz. Extracting by manifest.
184 silly tarball no local data for fill-range@https://registry.npmjs.org/fill-range/-/fill-range-7.0.1.tgz. Extracting by manifest.
185 silly tarball no local data for binary-extensions@https://registry.npmjs.org/binary-extensions/-/binary-extensions-2.2.0.tgz. Extracting by manifest.
186 silly tarball no local data for picomatch@https://registry.npmjs.org/picomatch/-/picomatch-2.3.1.tgz. Extracting by manifest.
187 silly tarball no local data for readdirp@https://registry.npmjs.org/readdirp/-/readdirp-3.6.0.tgz. Extracting by manifest.
188 silly tarball no local data for is-glob@https://registry.npmjs.org/is-glob/-/is-glob-4.0.3.tgz. Extracting by manifest.
189 silly tarball no local data for normalize-path@https://registry.npmjs.org/normalize-path/-/normalize-path-3.0.0.tgz. Extracting by manifest.
190 silly tarball no local data for is-binary-path@https://registry.npmjs.org/is-binary-path/-/is-binary-path-2.1.0.tgz. Extracting by manifest.
191 silly tarball no local data for glob-parent@https://registry.npmjs.org/glob-parent/-/glob-parent-5.1.2.tgz. Extracting by manifest.
192 silly tarball no local data for fsevents@https://registry.npmjs.org/fsevents/-/fsevents-2.3.3.tgz. Extracting by manifest.
193 silly tarball no local data for braces@https://registry.npmjs.org/braces/-/braces-3.0.2.tgz. Extracting by manifest.
194 silly tarball no local data for anymatch@https://registry.npmjs.org/anymatch/-/anymatch-3.1.3.tgz. Extracting by manifest.
195 silly tarball no local data for undefsafe@https://registry.npmjs.org/undefsafe/-/undefsafe-2.0.5.tgz. Extracting by manifest.
196 silly tarball no local data for has-flag@https://registry.npmjs.org/has-flag/-/has-flag-3.0.0.tgz. Extracting by manifest.
197 silly tarball no local data for touch@https://registry.npmjs.org/touch/-/touch-3.1.0.tgz. Extracting by manifest.
198 silly tarball no local data for supports-color@https://registry.npmjs.org/supports-color/-/supports-color-5.5.0.tgz. Extracting by manifest.
199 silly tarball no local data for simple-update-notifier@https://registry.npmjs.org/simple-update-notifier/-/simple-update-notifier-2.0.0.tgz. Extracting by manifest.
200 silly tarball no local data for minimatch@https://registry.npmjs.org/minimatch/-/minimatch-3.1.2.tgz. Extracting by manifest.
201 silly tarball no local data for chokidar@https://registry.npmjs.org/chokidar/-/chokidar-3.6.0.tgz. Extracting by manifest.
202 silly tarball no local data for ignore-by-default@https://registry.npmjs.org/ignore-by-default/-/ignore-by-default-1.0.1.tgz. Extracting by manifest.
203 silly tarball no local data for pstree.remy@https://registry.npmjs.org/pstree.remy/-/pstree.remy-1.1.8.tgz. Extracting by manifest.
204 silly tarball no local data for ms@https://registry.npmjs.org/ms/-/ms-2.1.2.tgz. Extracting by manifest.
205 silly tarball no local data for debug@https://registry.npmjs.org/debug/-/debug-4.3.4.tgz. Extracting by manifest.
206 silly tarball no local data for nodemon@https://registry.npmjs.org/nodemon/-/nodemon-3.1.0.tgz. Extracting by manifest.
207 http fetch GET 200 https://registry.npmjs.org/abbrev/-/abbrev-1.1.1.tgz 102ms (cache miss)
208 timing reifyNode:node_modules/abbrev Completed in 114ms
209 http fetch GET 200 https://registry.npmjs.org/nopt/-/nopt-1.0.10.tgz 102ms (cache miss)
210 timing reifyNode:node_modules/nopt Completed in 114ms
211 http fetch GET 200 https://registry.npmjs.org/is-extglob/-/is-extglob-2.1.1.tgz 106ms (cache miss)
212 timing reifyNode:node_modules/is-extglob Completed in 118ms
213 http fetch GET 200 https://registry.npmjs.org/concat-map/-/concat-map-0.0.1.tgz 108ms (cache miss)
214 timing reifyNode:node_modules/concat-map Completed in 119ms
215 http fetch GET 200 https://registry.npmjs.org/balanced-match/-/balanced-match-1.0.2.tgz 108ms (cache miss)
216 timing reifyNode:node_modules/balanced-match Completed in 120ms
217 http fetch GET 200 https://registry.npmjs.org/brace-expansion/-/brace-expansion-1.1.11.tgz 108ms (cache miss)
218 timing reifyNode:node_modules/brace-expansion Completed in 120ms
219 http fetch GET 200 https://registry.npmjs.org/is-number/-/is-number-7.0.0.tgz 110ms (cache miss)
220 timing reifyNode:node_modules/is-number Completed in 123ms
221 http fetch GET 200 https://registry.npmjs.org/to-regex-range/-/to-regex-range-5.0.1.tgz 110ms (cache miss)
222 timing reifyNode:node_modules/to-regex-range Completed in 122ms
223 http fetch GET 200 https://registry.npmjs.org/picomatch/-/picomatch-2.3.1.tgz 110ms (cache miss)
224 timing reifyNode:node_modules/picomatch Completed in 123ms
225 http fetch GET 200 https://registry.npmjs.org/binary-extensions/-/binary-extensions-2.2.0.tgz 121ms (cache miss)
226 timing reifyNode:node_modules/binary-extensions Completed in 134ms
227 http fetch GET 200 https://registry.npmjs.org/fill-range/-/fill-range-7.0.1.tgz 128ms (cache miss)
228 timing reifyNode:node_modules/fill-range Completed in 140ms
229 http fetch GET 200 https://registry.npmjs.org/supports-color/-/supports-color-5.5.0.tgz 188ms (cache miss)
230 timing reifyNode:node_modules/supports-color Completed in 203ms
231 http fetch GET 200 https://registry.npmjs.org/is-glob/-/is-glob-4.0.3.tgz 190ms (cache miss)
232 timing reifyNode:node_modules/is-glob Completed in 203ms
233 http fetch GET 200 https://registry.npmjs.org/debug/-/debug-4.3.4.tgz 188ms (cache miss)
234 timing reifyNode:node_modules/nodemon/node_modules/debug Completed in 202ms
235 http fetch GET 200 https://registry.npmjs.org/glob-parent/-/glob-parent-5.1.2.tgz 196ms (cache miss)
236 timing reifyNode:node_modules/glob-parent Completed in 209ms
237 http fetch GET 200 https://registry.npmjs.org/readdirp/-/readdirp-3.6.0.tgz 198ms (cache miss)
238 timing reifyNode:node_modules/readdirp Completed in 211ms
239 http fetch GET 200 https://registry.npmjs.org/normalize-path/-/normalize-path-3.0.0.tgz 202ms (cache miss)
240 timing reifyNode:node_modules/normalize-path Completed in 216ms
241 http fetch GET 200 https://registry.npmjs.org/fsevents/-/fsevents-2.3.3.tgz 205ms (cache miss)
242 timing reifyNode:node_modules/fsevents Completed in 219ms
243 http fetch GET 200 https://registry.npmjs.org/anymatch/-/anymatch-3.1.3.tgz 211ms (cache miss)
244 timing reifyNode:node_modules/anymatch Completed in 225ms
245 http fetch GET 200 https://registry.npmjs.org/is-binary-path/-/is-binary-path-2.1.0.tgz 224ms (cache miss)
246 timing reifyNode:node_modules/is-binary-path Completed in 237ms
247 http fetch GET 200 https://registry.npmjs.org/pstree.remy/-/pstree.remy-1.1.8.tgz 226ms (cache miss)
248 timing reifyNode:node_modules/pstree.remy Completed in 241ms
249 http fetch GET 200 https://registry.npmjs.org/nodemon/-/nodemon-3.1.0.tgz 226ms (cache miss)
250 timing reifyNode:node_modules/nodemon Completed in 241ms
251 http fetch GET 200 https://registry.npmjs.org/ignore-by-default/-/ignore-by-default-1.0.1.tgz 227ms (cache miss)
252 timing reifyNode:node_modules/ignore-by-default Completed in 241ms
253 http fetch GET 200 https://registry.npmjs.org/minimatch/-/minimatch-3.1.2.tgz 229ms (cache miss)
254 timing reifyNode:node_modules/minimatch Completed in 244ms
255 http fetch GET 200 https://registry.npmjs.org/chokidar/-/chokidar-3.6.0.tgz 240ms (cache miss)
256 timing reifyNode:node_modules/chokidar Completed in 254ms
257 http fetch GET 200 https://registry.npmjs.org/braces/-/braces-3.0.2.tgz 244ms (cache miss)
258 timing reifyNode:node_modules/braces Completed in 258ms
259 http fetch GET 200 https://registry.npmjs.org/ms/-/ms-2.1.2.tgz 244ms (cache miss)
260 timing reifyNode:node_modules/nodemon/node_modules/ms Completed in 258ms
261 http fetch GET 200 https://registry.npmjs.org/undefsafe/-/undefsafe-2.0.5.tgz 245ms (cache miss)
262 timing reifyNode:node_modules/undefsafe Completed in 259ms
263 http fetch GET 200 https://registry.npmjs.org/has-flag/-/has-flag-3.0.0.tgz 245ms (cache miss)
264 timing reifyNode:node_modules/has-flag Completed in 261ms
265 http fetch GET 200 https://registry.npmjs.org/touch/-/touch-3.1.0.tgz 246ms (cache miss)
266 timing reifyNode:node_modules/touch Completed in 260ms
267 http fetch GET 200 https://registry.npmjs.org/simple-update-notifier/-/simple-update-notifier-2.0.0.tgz 245ms (cache miss)
268 timing reifyNode:node_modules/simple-update-notifier Completed in 261ms
269 timing reify:unpack Completed in 262ms
270 timing reify:unretire Completed in 0ms
271 timing build:queue Completed in 1ms
272 timing build:link:node_modules/nopt Completed in 2ms
273 timing build:link:node_modules/nodemon Completed in 2ms
274 timing build:link:node_modules/touch Completed in 1ms
275 timing build:link Completed in 2ms
276 timing build:deps Completed in 3ms
277 timing build Completed in 4ms
278 timing reify:build Completed in 4ms
279 timing reify:trash Completed in 0ms
280 http fetch POST 200 https://registry.npmjs.org/-/npm/v1/security/advisories/bulk 295ms
281 timing auditReport:getReport Completed in 298ms
282 silly audit report {}
283 timing auditReport:init Completed in 0ms
284 timing reify:audit Completed in 299ms
285 timing reify:save Completed in 29ms
286 timing reify Completed in 1496ms
287 silly ADD node_modules/abbrev
288 silly ADD node_modules/nopt
289 silly ADD node_modules/is-number
290 silly ADD node_modules/has-flag
291 silly ADD node_modules/concat-map
292 silly ADD node_modules/balanced-match
293 silly ADD node_modules/brace-expansion
294 silly ADD node_modules/is-extglob
295 silly ADD node_modules/binary-extensions
296 silly ADD node_modules/to-regex-range
297 silly ADD node_modules/fill-range
298 silly ADD node_modules/picomatch
299 silly ADD node_modules/readdirp
300 silly ADD node_modules/normalize-path
301 silly ADD node_modules/is-glob
302 silly ADD node_modules/is-binary-path
303 silly ADD node_modules/glob-parent
304 silly ADD node_modules/fsevents
305 silly ADD node_modules/braces
306 silly ADD node_modules/anymatch
307 silly ADD node_modules/undefsafe
308 silly ADD node_modules/touch
309 silly ADD node_modules/supports-color
310 silly ADD node_modules/simple-update-notifier
311 silly ADD node_modules/pstree.remy
312 silly ADD node_modules/minimatch
313 silly ADD node_modules/ignore-by-default
314 silly ADD node_modules/chokidar
315 silly ADD node_modules/nodemon
316 silly ADD node_modules/nodemon/node_modules/ms
317 silly ADD node_modules/nodemon/node_modules/debug
318 timing command:i Completed in 1503ms
319 verbose exit 0
320 timing npm Completed in 1699ms
321 info ok
